[debug] [2020-12-02T14:22:48.093Z] ----------------------------------------------------------------------
[debug] [2020-12-02T14:22:48.118Z] Command:       C:\Program Files\nodejs\node.exe C:\Users\pawan\AppData\Roaming\npm\node_modules\firebase-tools\lib\bin\firebase.js init
[debug] [2020-12-02T14:22:48.119Z] CLI Version:   8.16.2
[debug] [2020-12-02T14:22:48.119Z] Platform:      win32
[debug] [2020-12-02T14:22:48.120Z] Node Version:  v12.18.4
[debug] [2020-12-02T14:22:48.174Z] Time:          Wed Dec 02 2020 19:52:48 GMT+0530 (India Standard Time)
[debug] [2020-12-02T14:22:48.175Z] ----------------------------------------------------------------------
[debug] [2020-12-02T14:22:48.175Z] 
[debug] [2020-12-02T14:22:48.201Z] >>> [apiv2][query] GET https://firebase-public.firebaseio.com/cli.json [none]
[debug] [2020-12-02T14:22:48.283Z] > command requires scopes: ["email","openid","https://www.googleapis.com/auth/cloudplatformprojects.readonly","https://www.googleapis.com/auth/firebase","https://www.googleapis.com/auth/cloud-platform"]
[debug] [2020-12-02T14:22:48.284Z] > authorizing via signed-in user
[info] 
     ######## #### ########  ######## ########     ###     ######  ########
     ##        ##  ##     ## ##       ##     ##  ##   ##  ##       ##
     ######    ##  ########  ######   ########  #########  ######  ######
     ##        ##  ##    ##  ##       ##     ## ##     ##       ## ##
     ##       #### ##     ## ######## ########  ##     ##  ######  ########

You're about to initialize a Firebase project in this directory:

  E:\work\project\airbnb-clone-ui

Before we get started, keep in mind:

  * You are initializing in an existing Firebase project directory

[debug] [2020-12-02T14:22:49.854Z] <<< [apiv2][status] GET https://firebase-public.firebaseio.com/cli.json 200
[debug] [2020-12-02T14:22:49.855Z] <<< [apiv2][body] GET https://firebase-public.firebaseio.com/cli.json {"cloudBuildErrorAfter":1594252800000,"cloudBuildWarnAfter":1590019200000,"defaultNode10After":1594252800000,"minVersion":"3.0.5","node8DeploysDisabledAfter":1613390400000,"node8RuntimeDisabledAfter":1615809600000,"node8WarnAfter":1600128000000}
